Analysis & Synthesis report for DiceGame
Sun Nov 22 15:49:44 2015
Quartus II 64-Bit Version 15.0.0 Build 145 04/22/2015 SJ Web Edition


---------------------
; Table of Contents ;
---------------------
  1. Legal Notice
  2. Analysis & Synthesis Summary
  3. Analysis & Synthesis Settings
  4. Parallel Compilation
  5. Analysis & Synthesis Source Files Read
  6. Analysis & Synthesis Resource Usage Summary
  7. Analysis & Synthesis Resource Utilization by Entity
  8. State Machine - |DiceGame|Game:CL|currentState
  9. Registers Removed During Synthesis
 10. General Register Statistics
 11. Multiplexer Restructuring Statistics (Restructuring Performed)
 12. Port Connectivity Checks: "oneToSixCounter:C2"
 13. Post-Synthesis Netlist Statistics for Top Partition
 14. Elapsed Time Per Partition
 15. Analysis & Synthesis Messages



----------------
; Legal Notice ;
----------------
Copyright (C) 1991-2015 Altera Corporation. All rights reserved.
Your use of Altera Corporation's design tools, logic functions 
and other software and tools, and its AMPP partner logic 
functions, and any output files from any of the foregoing 
(including device programming or simulation files), and any 
associated documentation or information are expressly subject 
to the terms and conditions of the Altera Program License 
Subscription Agreement, the Altera Quartus II License Agreement,
the Altera MegaCore Function License Agreement, or other 
applicable license agreement, including, without limitation, 
that your use is for the sole purpose of programming logic 
devices manufactured by Altera and sold by Altera or its 
authorized distributors.  Please refer to the applicable 
agreement for further details.



+------------------------------------------------------------------------------+
; Analysis & Synthesis Summary                                                 ;
+---------------------------------+--------------------------------------------+
; Analysis & Synthesis Status     ; Successful - Sun Nov 22 15:49:44 2015      ;
; Quartus II 64-Bit Version       ; 15.0.0 Build 145 04/22/2015 SJ Web Edition ;
; Revision Name                   ; DiceGame                                   ;
; Top-level Entity Name           ; DiceGame                                   ;
; Family                          ; Cyclone V                                  ;
; Logic utilization (in ALMs)     ; N/A                                        ;
; Total registers                 ; 17                                         ;
; Total pins                      ; 26                                         ;
; Total virtual pins              ; 0                                          ;
; Total block memory bits         ; 0                                          ;
; Total DSP Blocks                ; 0                                          ;
; Total HSSI RX PCSs              ; 0                                          ;
; Total HSSI PMA RX Deserializers ; 0                                          ;
; Total HSSI TX PCSs              ; 0                                          ;
; Total HSSI PMA TX Serializers   ; 0                                          ;
; Total PLLs                      ; 0                                          ;
; Total DLLs                      ; 0                                          ;
+---------------------------------+--------------------------------------------+


+---------------------------------------------------------------------------------------------------------------------------+
; Analysis & Synthesis Settings                                                                                             ;
+---------------------------------------------------------------------------------+--------------------+--------------------+
; Option                                                                          ; Setting            ; Default Value      ;
+---------------------------------------------------------------------------------+--------------------+--------------------+
; Device                                                                          ; 5CSEMA5F31C6       ;                    ;
; Top-level entity name                                                           ; DiceGame           ; DiceGame           ;
; Family name                                                                     ; Cyclone V          ; Cyclone V          ;
; Use smart compilation                                                           ; Off                ; Off                ;
; Enable parallel Assembler and TimeQuest Timing Analyzer during compilation      ; On                 ; On                 ;
; Enable compact report table                                                     ; Off                ; Off                ;
; Restructure Multiplexers                                                        ; Auto               ; Auto               ;
; MLAB Add Timing Constraints For Mixed-Port Feed-Through Mode Setting Don't Care ; Off                ; Off                ;
; Create Debugging Nodes for IP Cores                                             ; Off                ; Off                ;
; Preserve fewer node names                                                       ; On                 ; On                 ;
; Disable OpenCore Plus hardware evaluation                                       ; Off                ; Off                ;
; Verilog Version                                                                 ; Verilog_2001       ; Verilog_2001       ;
; VHDL Version                                                                    ; VHDL_1993          ; VHDL_1993          ;
; State Machine Processing                                                        ; Auto               ; Auto               ;
; Safe State Machine                                                              ; Off                ; Off                ;
; Extract Verilog State Machines                                                  ; On                 ; On                 ;
; Extract VHDL State Machines                                                     ; On                 ; On                 ;
; Ignore Verilog initial constructs                                               ; Off                ; Off                ;
; Iteration limit for constant Verilog loops                                      ; 5000               ; 5000               ;
; Iteration limit for non-constant Verilog loops                                  ; 250                ; 250                ;
; Add Pass-Through Logic to Inferred RAMs                                         ; On                 ; On                 ;
; Infer RAMs from Raw Logic                                                       ; On                 ; On                 ;
; Parallel Synthesis                                                              ; On                 ; On                 ;
; DSP Block Balancing                                                             ; Auto               ; Auto               ;
; NOT Gate Push-Back                                                              ; On                 ; On                 ;
; Power-Up Don't Care                                                             ; On                 ; On                 ;
; Remove Redundant Logic Cells                                                    ; Off                ; Off                ;
; Remove Duplicate Registers                                                      ; On                 ; On                 ;
; Ignore CARRY Buffers                                                            ; Off                ; Off                ;
; Ignore CASCADE Buffers                                                          ; Off                ; Off                ;
; Ignore GLOBAL Buffers                                                           ; Off                ; Off                ;
; Ignore ROW GLOBAL Buffers                                                       ; Off                ; Off                ;
; Ignore LCELL Buffers                                                            ; Off                ; Off                ;
; Ignore SOFT Buffers                                                             ; On                 ; On                 ;
; Limit AHDL Integers to 32 Bits                                                  ; Off                ; Off                ;
; Optimization Technique                                                          ; Balanced           ; Balanced           ;
; Carry Chain Length                                                              ; 70                 ; 70                 ;
; Auto Carry Chains                                                               ; On                 ; On                 ;
; Auto Open-Drain Pins                                                            ; On                 ; On                 ;
; Perform WYSIWYG Primitive Resynthesis                                           ; Off                ; Off                ;
; Auto ROM Replacement                                                            ; On                 ; On                 ;
; Auto RAM Replacement                                                            ; On                 ; On                 ;
; Auto DSP Block Replacement                                                      ; On                 ; On                 ;
; Auto Shift Register Replacement                                                 ; Auto               ; Auto               ;
; Allow Shift Register Merging across Hierarchies                                 ; Auto               ; Auto               ;
; Auto Clock Enable Replacement                                                   ; On                 ; On                 ;
; Strict RAM Replacement                                                          ; Off                ; Off                ;
; Allow Synchronous Control Signals                                               ; On                 ; On                 ;
; Force Use of Synchronous Clear Signals                                          ; Off                ; Off                ;
; Auto Resource Sharing                                                           ; Off                ; Off                ;
; Allow Any RAM Size For Recognition                                              ; Off                ; Off                ;
; Allow Any ROM Size For Recognition                                              ; Off                ; Off                ;
; Allow Any Shift Register Size For Recognition                                   ; Off                ; Off                ;
; Use LogicLock Constraints during Resource Balancing                             ; On                 ; On                 ;
; Ignore translate_off and synthesis_off directives                               ; Off                ; Off                ;
; Timing-Driven Synthesis                                                         ; On                 ; On                 ;
; Report Parameter Settings                                                       ; On                 ; On                 ;
; Report Source Assignments                                                       ; On                 ; On                 ;
; Report Connectivity Checks                                                      ; On                 ; On                 ;
; Ignore Maximum Fan-Out Assignments                                              ; Off                ; Off                ;
; Synchronization Register Chain Length                                           ; 3                  ; 3                  ;
; PowerPlay Power Optimization During Synthesis                                   ; Normal compilation ; Normal compilation ;
; HDL message level                                                               ; Level2             ; Level2             ;
; Suppress Register Optimization Related Messages                                 ; Off                ; Off                ;
; Number of Removed Registers Reported in Synthesis Report                        ; 5000               ; 5000               ;
; Number of Swept Nodes Reported in Synthesis Report                              ; 5000               ; 5000               ;
; Number of Inverted Registers Reported in Synthesis Report                       ; 100                ; 100                ;
; Clock MUX Protection                                                            ; On                 ; On                 ;
; Auto Gated Clock Conversion                                                     ; Off                ; Off                ;
; Block Design Naming                                                             ; Auto               ; Auto               ;
; SDC constraint protection                                                       ; Off                ; Off                ;
; Synthesis Effort                                                                ; Auto               ; Auto               ;
; Shift Register Replacement - Allow Asynchronous Clear Signal                    ; On                 ; On                 ;
; Pre-Mapping Resynthesis Optimization                                            ; Off                ; Off                ;
; Analysis & Synthesis Message Level                                              ; Medium             ; Medium             ;
; Disable Register Merging Across Hierarchies                                     ; Auto               ; Auto               ;
; Resource Aware Inference For Block RAM                                          ; On                 ; On                 ;
; Synthesis Seed                                                                  ; 1                  ; 1                  ;
; Automatic Parallel Synthesis                                                    ; On                 ; On                 ;
; Partial Reconfiguration Bitstream ID                                            ; Off                ; Off                ;
+---------------------------------------------------------------------------------+--------------------+--------------------+


+------------------------------------------+
; Parallel Compilation                     ;
+----------------------------+-------------+
; Processors                 ; Number      ;
+----------------------------+-------------+
; Number detected on machine ; 4           ;
; Maximum allowed            ; 4           ;
;                            ;             ;
; Average used               ; 1.00        ;
; Maximum used               ; 1           ;
;                            ;             ;
; Usage by Processor         ; % Time Used ;
;     Processor 1            ; 100.0%      ;
;     Processors 2-4         ;   0.0%      ;
+----------------------------+-------------+


+------------------------------------------------------------------------------------------------------------------------------------------------+
; Analysis & Synthesis Source Files Read                                                                                                         ;
+----------------------------------+-----------------+-----------------+---------------------------------------------------------------+---------+
; File Name with User-Entered Path ; Used in Netlist ; File Type       ; File Name with Absolute Path                                  ; Library ;
+----------------------------------+-----------------+-----------------+---------------------------------------------------------------+---------+
; DiceGame.vhd                     ; yes             ; User VHDL File  ; C:/Users/crims_000/Documents/VHDL Labs/dice game/DiceGame.vhd ;         ;
+----------------------------------+-----------------+-----------------+---------------------------------------------------------------+---------+


+-----------------------------------------------------------+
; Analysis & Synthesis Resource Usage Summary               ;
+---------------------------------------------+-------------+
; Resource                                    ; Usage       ;
+---------------------------------------------+-------------+
; Estimate of Logic utilization (ALMs needed) ; 32          ;
;                                             ;             ;
; Combinational ALUT usage for logic          ; 54          ;
;     -- 7 input functions                    ; 0           ;
;     -- 6 input functions                    ; 10          ;
;     -- 5 input functions                    ; 1           ;
;     -- 4 input functions                    ; 16          ;
;     -- <=3 input functions                  ; 27          ;
;                                             ;             ;
; Dedicated logic registers                   ; 17          ;
;                                             ;             ;
; I/O pins                                    ; 26          ;
;                                             ;             ;
; Total DSP Blocks                            ; 0           ;
;                                             ;             ;
; Maximum fan-out node                        ; reset~input ;
; Maximum fan-out                             ; 20          ;
; Total fan-out                               ; 302         ;
; Average fan-out                             ; 2.46        ;
+---------------------------------------------+-------------+


+--------------------------------------------------------------------------------------------------------------------------------------------------------------------+
; Analysis & Synthesis Resource Utilization by Entity                                                                                                                ;
+----------------------------+-------------------+--------------+-------------------+------------+------+--------------+------------------------------+--------------+
; Compilation Hierarchy Node ; LC Combinationals ; LC Registers ; Block Memory Bits ; DSP Blocks ; Pins ; Virtual Pins ; Full Hierarchy Name          ; Library Name ;
+----------------------------+-------------------+--------------+-------------------+------------+------+--------------+------------------------------+--------------+
; |DiceGame                  ; 54 (0)            ; 17 (0)       ; 0                 ; 0          ; 26   ; 0            ; |DiceGame                    ; work         ;
;    |Game:CL|               ; 14 (14)           ; 6 (6)        ; 0                 ; 0          ; 0    ; 0            ; |DiceGame|Game:CL            ; work         ;
;    |adder:A1|              ; 4 (4)             ; 0 (0)        ; 0                 ; 0          ; 0    ; 0            ; |DiceGame|adder:A1           ; work         ;
;    |comparator:CP|         ; 1 (1)             ; 0 (0)        ; 0                 ; 0          ; 0    ; 0            ; |DiceGame|comparator:CP      ; work         ;
;    |oneToSixCounter:C1|    ; 5 (5)             ; 4 (4)        ; 0                 ; 0          ; 0    ; 0            ; |DiceGame|oneToSixCounter:C1 ; work         ;
;    |oneToSixCounter:C2|    ; 4 (4)             ; 3 (3)        ; 0                 ; 0          ; 0    ; 0            ; |DiceGame|oneToSixCounter:C2 ; work         ;
;    |pointRegister:PR|      ; 3 (3)             ; 4 (4)        ; 0                 ; 0          ; 0    ; 0            ; |DiceGame|pointRegister:PR   ; work         ;
;    |seven_seg_hex:S1|      ; 7 (7)             ; 0 (0)        ; 0                 ; 0          ; 0    ; 0            ; |DiceGame|seven_seg_hex:S1   ; work         ;
;    |seven_seg_hex:S2|      ; 7 (7)             ; 0 (0)        ; 0                 ; 0          ; 0    ; 0            ; |DiceGame|seven_seg_hex:S2   ; work         ;
;    |seven_seg_hex:S3|      ; 8 (8)             ; 0 (0)        ; 0                 ; 0          ; 0    ; 0            ; |DiceGame|seven_seg_hex:S3   ; work         ;
;    |testLogic:T1|          ; 1 (1)             ; 0 (0)        ; 0                 ; 0          ; 0    ; 0            ; |DiceGame|testLogic:T1       ; work         ;
+----------------------------+-------------------+--------------+-------------------+------------+------+--------------+------------------------------+--------------+
Note: For table entries with two numbers listed, the numbers in parentheses indicate the number of resources of the given type used by the specific entity alone. The numbers listed outside of parentheses indicate the total resources of the given type used by the specific entity and all of its sub-entities in the hierarchy.


Encoding Type:  One-Hot
+-----------------------------------------------------------------------------------------------------------------------------+
; State Machine - |DiceGame|Game:CL|currentState                                                                              ;
+-----------------+-----------------+-----------------+-----------------+-----------------+-----------------+-----------------+
; Name            ; currentState.s5 ; currentState.s4 ; currentState.s3 ; currentState.s2 ; currentState.s1 ; currentState.s0 ;
+-----------------+-----------------+-----------------+-----------------+-----------------+-----------------+-----------------+
; currentState.s0 ; 0               ; 0               ; 0               ; 0               ; 0               ; 0               ;
; currentState.s1 ; 0               ; 0               ; 0               ; 0               ; 1               ; 1               ;
; currentState.s2 ; 0               ; 0               ; 0               ; 1               ; 0               ; 1               ;
; currentState.s3 ; 0               ; 0               ; 1               ; 0               ; 0               ; 1               ;
; currentState.s4 ; 0               ; 1               ; 0               ; 0               ; 0               ; 1               ;
; currentState.s5 ; 1               ; 0               ; 0               ; 0               ; 0               ; 1               ;
+-----------------+-----------------+-----------------+-----------------+-----------------+-----------------+-----------------+


+--------------------------------------------------------------------------------+
; Registers Removed During Synthesis                                             ;
+---------------------------------------+----------------------------------------+
; Register name                         ; Reason for Removal                     ;
+---------------------------------------+----------------------------------------+
; oneToSixCounter:C1|preCount[3]        ; Stuck at GND due to stuck port data_in ;
; oneToSixCounter:C2|preCount[3]        ; Stuck at GND due to stuck port data_in ;
; Total Number of Removed Registers = 2 ;                                        ;
+---------------------------------------+----------------------------------------+


+------------------------------------------------------+
; General Register Statistics                          ;
+----------------------------------------------+-------+
; Statistic                                    ; Value ;
+----------------------------------------------+-------+
; Total registers                              ; 17    ;
; Number of registers using Synchronous Clear  ; 10    ;
; Number of registers using Synchronous Load   ; 0     ;
; Number of registers using Asynchronous Clear ; 0     ;
; Number of registers using Asynchronous Load  ; 0     ;
; Number of registers using Clock Enable       ; 10    ;
; Number of registers using Preset             ; 0     ;
+----------------------------------------------+-------+


+---------------------------------------------------------------------------------------------------------------------------------------------------------+
; Multiplexer Restructuring Statistics (Restructuring Performed)                                                                                          ;
+--------------------+-----------+---------------+----------------------+------------------------+------------+-------------------------------------------+
; Multiplexer Inputs ; Bus Width ; Baseline Area ; Area if Restructured ; Saving if Restructured ; Registered ; Example Multiplexer Output                ;
+--------------------+-----------+---------------+----------------------+------------------------+------------+-------------------------------------------+
; 3:1                ; 4 bits    ; 8 LEs         ; 4 LEs                ; 4 LEs                  ; Yes        ; |DiceGame|pointRegister:PR|regContents[0] ;
; 4:1                ; 4 bits    ; 8 LEs         ; 8 LEs                ; 0 LEs                  ; Yes        ; |DiceGame|oneToSixCounter:C1|preCount[0]  ;
; 4:1                ; 4 bits    ; 8 LEs         ; 8 LEs                ; 0 LEs                  ; Yes        ; |DiceGame|oneToSixCounter:C2|preCount[0]  ;
; 9:1                ; 2 bits    ; 12 LEs        ; 8 LEs                ; 4 LEs                  ; No         ; |DiceGame|Game:CL|nextState.s5            ;
; 13:1               ; 5 bits    ; 40 LEs        ; 40 LEs               ; 0 LEs                  ; No         ; |DiceGame|seven_seg_hex:S3|leds[1]        ;
+--------------------+-----------+---------------+----------------------+------------------------+------------+-------------------------------------------+


+---------------------------------------------------------------------------------------------------------------------+
; Port Connectivity Checks: "oneToSixCounter:C2"                                                                      ;
+-----------+--------+----------+-------------------------------------------------------------------------------------+
; Port      ; Type   ; Severity ; Details                                                                             ;
+-----------+--------+----------+-------------------------------------------------------------------------------------+
; countnext ; Output ; Info     ; Connected to dangling logic. Logic that only feeds a dangling port will be removed. ;
+-----------+--------+----------+-------------------------------------------------------------------------------------+


+-----------------------------------------------------+
; Post-Synthesis Netlist Statistics for Top Partition ;
+-----------------------+-----------------------------+
; Type                  ; Count                       ;
+-----------------------+-----------------------------+
; arriav_ff             ; 17                          ;
;     ENA               ; 6                           ;
;     ENA SCLR          ; 4                           ;
;     SCLR              ; 6                           ;
;     plain             ; 1                           ;
; arriav_lcell_comb     ; 58                          ;
;     arith             ; 4                           ;
;         0 data inputs ; 1                           ;
;         2 data inputs ; 3                           ;
;     normal            ; 54                          ;
;         1 data inputs ; 4                           ;
;         2 data inputs ; 8                           ;
;         3 data inputs ; 15                          ;
;         4 data inputs ; 16                          ;
;         5 data inputs ; 1                           ;
;         6 data inputs ; 10                          ;
; boundary_port         ; 26                          ;
;                       ;                             ;
; Max LUT depth         ; 3.30                        ;
; Average LUT depth     ; 2.11                        ;
+-----------------------+-----------------------------+


+-------------------------------+
; Elapsed Time Per Partition    ;
+----------------+--------------+
; Partition Name ; Elapsed Time ;
+----------------+--------------+
; Top            ; 00:00:01     ;
+----------------+--------------+


+-------------------------------+
; Analysis & Synthesis Messages ;
+-------------------------------+
Info: *******************************************************************
Info: Running Quartus II 64-Bit Analysis & Synthesis
    Info: Version 15.0.0 Build 145 04/22/2015 SJ Web Edition
    Info: Processing started: Sun Nov 22 15:49:27 2015
Info: Command: quartus_map --read_settings_files=on --write_settings_files=off DiceGame -c DiceGame
Info (20030): Parallel compilation is enabled and will use 4 of the 4 processors detected
Info (12021): Found 16 design units, including 8 entities, in source file dicegame.vhd
    Info (12022): Found design unit 1: seven_seg_hex-Behavior
    Info (12022): Found design unit 2: oneToSixCounter-behv
    Info (12022): Found design unit 3: adder-behv
    Info (12022): Found design unit 4: pointRegister-behv
    Info (12022): Found design unit 5: comparator-behv
    Info (12022): Found design unit 6: testLogic-behv
    Info (12022): Found design unit 7: Game-behv
    Info (12022): Found design unit 8: DiceGame-behv
    Info (12023): Found entity 1: seven_seg_hex
    Info (12023): Found entity 2: oneToSixCounter
    Info (12023): Found entity 3: adder
    Info (12023): Found entity 4: pointRegister
    Info (12023): Found entity 5: comparator
    Info (12023): Found entity 6: testLogic
    Info (12023): Found entity 7: Game
    Info (12023): Found entity 8: DiceGame
Info (12127): Elaborating entity "DiceGame" for the top level hierarchy
Info (12128): Elaborating entity "Game" for hierarchy "Game:CL"
Warning (10492): VHDL Process Statement warning at DiceGame.vhd(193): signal "soe" is read inside the Process Statement but isn't in the Process Statement's sensitivity list
Warning (10492): VHDL Process Statement warning at DiceGame.vhd(195): signal "ttort" is read inside the Process Statement but isn't in the Process Statement's sensitivity list
Warning (10492): VHDL Process Statement warning at DiceGame.vhd(218): signal "eq" is read inside the Process Statement but isn't in the Process Statement's sensitivity list
Warning (10492): VHDL Process Statement warning at DiceGame.vhd(220): signal "s" is read inside the Process Statement but isn't in the Process Statement's sensitivity list
Info (12128): Elaborating entity "testLogic" for hierarchy "testLogic:T1"
Info (12128): Elaborating entity "comparator" for hierarchy "comparator:CP"
Info (12128): Elaborating entity "pointRegister" for hierarchy "pointRegister:PR"
Info (12128): Elaborating entity "adder" for hierarchy "adder:A1"
Info (12128): Elaborating entity "oneToSixCounter" for hierarchy "oneToSixCounter:C1"
Info (12128): Elaborating entity "seven_seg_hex" for hierarchy "seven_seg_hex:S1"
Info (286030): Timing-Driven Synthesis is running
Info (16010): Generating hard_block partition "hard_block:auto_generated_inst"
    Info (16011): Adding 0 node(s), including 0 DDIO, 0 PLL, 0 transceiver and 0 LCELL
Info (21057): Implemented 84 device resources after synthesis - the final resource count might be different
    Info (21058): Implemented 3 input pins
    Info (21059): Implemented 23 output pins
    Info (21061): Implemented 58 logic cells
Info: Quartus II 64-Bit Analysis & Synthesis was successful. 0 errors, 4 warnings
    Info: Peak virtual memory: 788 megabytes
    Info: Processing ended: Sun Nov 22 15:49:44 2015
    Info: Elapsed time: 00:00:17
    Info: Total CPU time (on all processors): 00:00:32


